<?xml version="1.0" encoding="UTF-8"?>
<!-- Generated by org.testng.reporters.JUnitReportReporter -->
<testsuite skipped="0" hostname="DESKTOP-2FB6SU0" name="com.tar1.Test14and15" tests="2" failures="0" timestamp="2021-02-24T22:35:00 COT" time="9.068" errors="0">
  <testcase name="cssSelectorPrueba" time="6.318" classname="com.tar1.Test14and15"/>
  <system-out/>
  <testcase name="xpathPrueba" time="2.750" classname="com.tar1.Test14and15"/>
  <system-out/>
</testsuite> <!-- com.tar1.Test14and15 -->
