<?xml version="1.0" encoding="UTF-8"?>
<!-- Generated by org.testng.reporters.JUnitReportReporter -->
<testsuite skipped="0" hostname="DESKTOP-2FB6SU0" name="com.tar1.Test13" tests="1" failures="0" timestamp="2021-02-24T22:37:17 COT" time="11.264" errors="0">
  <testcase name="pruebaPIM" time="11.264" classname="com.tar1.Test13"/>
  <system-out/>
</testsuite> <!-- com.tar1.Test13 -->
