<?xml version="1.0" encoding="UTF-8"?>
<!-- Generated by org.testng.reporters.JUnitReportReporter -->
<testsuite skipped="0" hostname="DESKTOP-2FB6SU0" name="com.numeral6to9.TestPaginas" tests="7" failures="0" timestamp="2021-02-27T14:42:36 COT" time="20.250" errors="0">
  <testcase name="iniciarSesion" time="2.006" classname="com.numeral6to9.TestPaginas"/>
  <system-out/>
  <testcase name="goToAdmin" time="3.393" classname="com.numeral6to9.TestPaginas"/>
  <system-out/>
  <testcase name="goToPim" time="3.355" classname="com.numeral6to9.TestPaginas"/>
  <system-out/>
  <testcase name="goToLeave" time="3.351" classname="com.numeral6to9.TestPaginas"/>
  <system-out/>
  <testcase name="goToDashboard" time="2.719" classname="com.numeral6to9.TestPaginas"/>
  <system-out/>
  <testcase name="goToDirectry" time="2.691" classname="com.numeral6to9.TestPaginas"/>
  <system-out/>
  <testcase name="goToMaintenance" time="2.735" classname="com.numeral6to9.TestPaginas"/>
  <system-out/>
</testsuite> <!-- com.numeral6to9.TestPaginas -->
