<?xml version="1.0" encoding="UTF-8"?>
<!-- Generated by org.testng.reporters.JUnitReportReporter -->
<testsuite skipped="0" hostname="DESKTOP-2FB6SU0" name="com.tar1.Test14" tests="1" failures="0" timestamp="2021-02-24T22:26:59 COT" time="5.777" errors="0">
  <testcase name="cssSelectorPrueba" time="5.777" classname="com.tar1.Test14"/>
  <system-out/>
</testsuite> <!-- com.tar1.Test14 -->
