<?xml version="1.0" encoding="UTF-8"?>
<!-- Generated by org.testng.reporters.JUnitReportReporter -->
<testsuite skipped="0" hostname="DESKTOP-2FB6SU0" name="com.numeral16to19.TestHome" tests="7" failures="0" timestamp="2021-03-01T21:52:52 COT" time="19.862" errors="0">
  <testcase name="validarDashBoard" time="3.726" classname="com.numeral16to19.TestHome"/>
  <system-out/>
  <testcase name="accederMarketPlace" time="3.819" classname="com.numeral16to19.TestHome"/>
  <system-out/>
  <testcase name="irASuscribe" time="2.507" classname="com.numeral16to19.TestHome"/>
  <system-out/>
  <testcase name="irAHelp" time="0.712" classname="com.numeral16to19.TestHome"/>
  <system-out/>
  <testcase name="verNotificaciones" time="2.179" classname="com.numeral16to19.TestHome"/>
  <system-out/>
  <testcase name="verInformacionApp" time="4.316" classname="com.numeral16to19.TestHome"/>
  <system-out/>
  <testcase name="salirApp" time="2.603" classname="com.numeral16to19.TestHome"/>
  <system-out/>
</testsuite> <!-- com.numeral16to19.TestHome -->
