<?xml version="1.0" encoding="UTF-8"?>
<!-- Generated by org.testng.reporters.JUnitReportReporter -->
<testsuite skipped="0" hostname="DESKTOP-2FB6SU0" name="com.numeral16to19.test.TestHome" tests="7" failures="0" timestamp="2021-03-01T23:01:45 COT" time="20.781" errors="0">
  <testcase name="validarDashBoard" time="4.374" classname="com.numeral16to19.test.TestHome"/>
  <system-out/>
  <testcase name="accederMarketPlace" time="4.013" classname="com.numeral16to19.test.TestHome"/>
  <system-out/>
  <testcase name="irASuscribe" time="2.469" classname="com.numeral16to19.test.TestHome"/>
  <system-out/>
  <testcase name="irAHelp" time="0.810" classname="com.numeral16to19.test.TestHome"/>
  <system-out/>
  <testcase name="verNotificaciones" time="2.175" classname="com.numeral16to19.test.TestHome"/>
  <system-out/>
  <testcase name="verInformacionApp" time="4.311" classname="com.numeral16to19.test.TestHome"/>
  <system-out/>
  <testcase name="salirApp" time="2.629" classname="com.numeral16to19.test.TestHome"/>
  <system-out/>
</testsuite> <!-- com.numeral16to19.test.TestHome -->
