<?xml version="1.0" encoding="UTF-8"?>
<!-- Generated by org.testng.reporters.JUnitReportReporter -->
<testsuite skipped="0" hostname="DESKTOP-2FB6SU0" name="Runner.TestRunner" tests="1" failures="0" timestamp="2021-03-03T23:32:21 COT" time="0.007" errors="0">
  <testcase name="feature" time="0.007" classname="Runner.TestRunner"/>
  <system-out/>
</testsuite> <!-- Runner.TestRunner -->
