<?xml version="1.0" encoding="UTF-8"?>
<!-- Generated by org.testng.reporters.JUnitReportReporter -->
<testsuite hostname="igalarza" failures="0" tests="1" name="Runner.TestRunner21" time="21.021" errors="0" timestamp="2021-03-22T23:12:05 BOT" skipped="0">
  <testcase classname="Runner.TestRunner21" name="feature" time="21.021"/>
  <system-out/>
</testsuite> <!-- Runner.TestRunner21 -->
