<?xml version="1.0" encoding="UTF-8"?>
<!-- Generated by org.testng.reporters.JUnitReportReporter -->
<testsuite skipped="0" hostname="DESKTOP-2FB6SU0" name="com.numeral13.TestShutterbug" tests="1" failures="0" timestamp="2021-02-24T22:49:15 COT" time="11.040" errors="0">
  <testcase name="pruebaPIM" time="11.040" classname="com.numeral13.TestShutterbug"/>
  <system-out/>
</testsuite> <!-- com.numeral13.TestShutterbug -->
