<?xml version="1.0" encoding="UTF-8"?>
<!-- Generated by org.testng.reporters.JUnitReportReporter -->
<testsuite hostname="igalarza" failures="0" tests="1" name="Runner.TestRunner23" time="105.357" errors="0" timestamp="2021-03-22T22:34:00 BOT" skipped="0">
  <testcase classname="Runner.TestRunner23" name="feature" time="105.357"/>
  <system-out/>
</testsuite> <!-- Runner.TestRunner23 -->
