<?xml version="1.0" encoding="UTF-8"?>
<!-- Generated by org.testng.reporters.JUnitReportReporter -->
<testsuite skipped="0" hostname="DESKTOP-2FB6SU0" name="com.numeral10to12.TestListenerReintentos" tests="1" failures="0" timestamp="2021-02-25T00:01:22 COT" time="2.882" errors="0">
  <testcase name="verificarDashboard" time="2.882" classname="com.numeral10to12.TestListenerReintentos"/>
  <system-out/>
</testsuite> <!-- com.numeral10to12.TestListenerReintentos -->
