<?xml version="1.0" encoding="UTF-8"?>
<!-- Generated by org.testng.reporters.JUnitReportReporter -->
<testsuite skipped="0" hostname="DESKTOP-2FB6SU0" name="com.tar1.TestLogin" tests="4" failures="0" timestamp="2021-02-21T21:09:26 COT" time="4.392" errors="0">
  <testcase name="testImprimirTitulo" time="0.017" classname="com.tar1.TestLogin"/>
  <system-out/>
  <testcase name="iniciarSesion" time="3.003" classname="com.tar1.TestLogin"/>
  <system-out/>
  <testcase name="verificarDashBoard" time="0.034" classname="com.tar1.TestLogin"/>
  <system-out/>
  <testcase name="verificarOpcionesAdmin" time="1.338" classname="com.tar1.TestLogin"/>
  <system-out/>
</testsuite> <!-- com.tar1.TestLogin -->
