<?xml version="1.0" encoding="UTF-8"?>
<!-- Generated by org.testng.reporters.JUnitReportReporter -->
<testsuite skipped="0" hostname="DESKTOP-2FB6SU0" name="com.numeral16to19.TestMarketPlace" tests="9" failures="0" timestamp="2021-02-27T00:15:33 COT" time="30.611" errors="0">
  <testcase name="visitarMarketPlace" time="6.762" classname="com.numeral16to19.TestMarketPlace"/>
  <system-out/>
  <testcase name="verDetalleLdap" time="2.186" classname="com.numeral16to19.TestMarketPlace"/>
  <system-out/>
  <testcase name="verDetalleIntegration" time="2.165" classname="com.numeral16to19.TestMarketPlace"/>
  <system-out/>
  <testcase name="verDetalleCorporate" time="2.168" classname="com.numeral16to19.TestMarketPlace"/>
  <system-out/>
  <testcase name="verDetalleClaim" time="2.171" classname="com.numeral16to19.TestMarketPlace"/>
  <system-out/>
  <testcase name="confirmarCompraLdap" time="2.574" classname="com.numeral16to19.TestMarketPlace"/>
  <system-out/>
  <testcase name="instalarIntegration" time="4.018" classname="com.numeral16to19.TestMarketPlace"/>
  <system-out/>
  <testcase name="confirmarCompraCorporate" time="4.308" classname="com.numeral16to19.TestMarketPlace"/>
  <system-out/>
  <testcase name="confirmarCompraClaim" time="4.259" classname="com.numeral16to19.TestMarketPlace"/>
  <system-out/>
</testsuite> <!-- com.numeral16to19.TestMarketPlace -->
