<?xml version="1.0" encoding="UTF-8"?>
<!-- Generated by org.testng.reporters.JUnitReportReporter -->
<testsuite skipped="0" hostname="DESKTOP-2FB6SU0" name="com.tar1.Test1" tests="4" failures="0" timestamp="2021-02-24T19:29:03 COT" time="6.523" errors="0">
  <testcase name="verificarTitulo" time="0.016" classname="com.tar1.Test1"/>
  <system-out/>
  <testcase name="login" time="2.114" classname="com.tar1.Test1"/>
  <system-out/>
  <testcase name="verificarDashBoard" time="1.025" classname="com.tar1.Test1"/>
  <system-out/>
  <testcase name="verificarPaginaInicio" time="3.368" classname="com.tar1.Test1"/>
  <system-out/>
</testsuite> <!-- com.tar1.Test1 -->
