<?xml version="1.0" encoding="UTF-8"?>
<!-- Generated by org.testng.reporters.JUnitReportReporter -->
<testsuite hostname="igalarza" failures="0" tests="2" name="com.numeral16to19.test.TestForgotPassword" time="6.671" errors="0" timestamp="2021-03-22T22:20:11 BOT" skipped="0">
  <testcase classname="com.numeral16to19.test.TestForgotPassword" name="cambiarClave" time="4.655"/>
  <system-out/>
  <testcase classname="com.numeral16to19.test.TestForgotPassword" name="desistirCambioClave" time="2.016"/>
  <system-out/>
</testsuite> <!-- com.numeral16to19.test.TestForgotPassword -->
