<?xml version="1.0" encoding="UTF-8"?>
<!-- Generated by org.testng.reporters.JUnitReportReporter -->
<testsuite skipped="0" hostname="DESKTOP-2FB6SU0" name="com.numeral23.TestRunner" tests="1" failures="0" timestamp="2021-03-03T20:54:16 COT" time="0.034" errors="0">
  <testcase name="feature" time="0.034" classname="com.numeral23.TestRunner"/>
  <system-out/>
</testsuite> <!-- com.numeral23.TestRunner -->
