<?xml version="1.0" encoding="UTF-8"?>
<!-- Generated by org.testng.reporters.JUnitReportReporter -->
<testsuite hostname="igalarza" failures="0" tests="7" name="com.numeral16to19.test.TestHome" time="27.720" errors="0" timestamp="2021-03-22T22:57:34 BOT" skipped="0">
  <testcase classname="com.numeral16to19.test.TestHome" name="validarDashBoard" time="6.652"/>
  <system-out/>
  <testcase classname="com.numeral16to19.test.TestHome" name="accederMarketPlace" time="5.772"/>
  <system-out/>
  <testcase classname="com.numeral16to19.test.TestHome" name="irASuscribe" time="2.974"/>
  <system-out/>
  <testcase classname="com.numeral16to19.test.TestHome" name="irAHelp" time="1.728"/>
  <system-out/>
  <testcase classname="com.numeral16to19.test.TestHome" name="verNotificaciones" time="2.386"/>
  <system-out/>
  <testcase classname="com.numeral16to19.test.TestHome" name="verInformacionApp" time="4.545"/>
  <system-out/>
  <testcase classname="com.numeral16to19.test.TestHome" name="salirApp" time="3.663"/>
  <system-out/>
</testsuite> <!-- com.numeral16to19.test.TestHome -->
