<?xml version="1.0" encoding="UTF-8"?>
<!-- Generated by org.testng.reporters.JUnitReportReporter -->
<testsuite hostname="igalarza" failures="0" tests="1" name="Runner.TestRunner22" time="20.471" errors="0" timestamp="2021-03-22T22:57:34 BOT" skipped="0">
  <testcase classname="Runner.TestRunner22" name="feature" time="20.471"/>
  <system-out/>
</testsuite> <!-- Runner.TestRunner22 -->
